<?xml version="1.0" encoding="UTF-8"?>
<testsuite xmlns:xsi="http://www.w3.org/2001/XMLSchema-instance" xsi:noNamespaceSchemaLocation="https://maven.apache.org/surefire/maven-surefire-plugin/xsd/surefire-test-report.xsd" name="com.ascendcorp.exam.ExamApplicationTests" time="0.072" tests="1" errors="0" skipped="0" failures="0">
  <properties>
    <property name="java.specification.version" value="17"/>
    <property name="sun.cpu.isalist" value="amd64"/>
    <property name="sun.jnu.encoding" value="Cp1252"/>
    <property name="java.class.path" value="C:\Code\exam-ascendmoney-best\target\test-classes;C:\Code\exam-ascendmoney-best\target\classes;C:\Users\bb_be\.m2\repository\org\springframework\boot\spring-boot-starter\2.0.4.RELEASE\spring-boot-starter-2.0.4.RELEASE.jar;C:\Users\bb_be\.m2\repository\org\springframework\boot\spring-boot\2.0.4.RELEASE\spring-boot-2.0.4.RELEASE.jar;C:\Users\bb_be\.m2\repository\org\springframework\spring-context\5.0.8.RELEASE\spring-context-5.0.8.RELEASE.jar;C:\Users\bb_be\.m2\repository\org\springframework\spring-aop\5.0.8.RELEASE\spring-aop-5.0.8.RELEASE.jar;C:\Users\bb_be\.m2\repository\org\springframework\spring-beans\5.0.8.RELEASE\spring-beans-5.0.8.RELEASE.jar;C:\Users\bb_be\.m2\repository\org\springframework\spring-expression\5.0.8.RELEASE\spring-expression-5.0.8.RELEASE.jar;C:\Users\bb_be\.m2\repository\org\springframework\boot\spring-boot-autoconfigure\2.0.4.RELEASE\spring-boot-autoconfigure-2.0.4.RELEASE.jar;C:\Users\bb_be\.m2\repository\org\springframework\boot\spring-boot-starter-logging\2.0.4.RELEASE\spring-boot-starter-logging-2.0.4.RELEASE.jar;C:\Users\bb_be\.m2\repository\ch\qos\logback\logback-classic\1.2.3\logback-classic-1.2.3.jar;C:\Users\bb_be\.m2\repository\ch\qos\logback\logback-core\1.2.3\logback-core-1.2.3.jar;C:\Users\bb_be\.m2\repository\org\apache\logging\log4j\log4j-to-slf4j\2.10.0\log4j-to-slf4j-2.10.0.jar;C:\Users\bb_be\.m2\repository\org\apache\logging\log4j\log4j-api\2.10.0\log4j-api-2.10.0.jar;C:\Users\bb_be\.m2\repository\org\slf4j\jul-to-slf4j\1.7.25\jul-to-slf4j-1.7.25.jar;C:\Users\bb_be\.m2\repository\javax\annotation\javax.annotation-api\1.3.2\javax.annotation-api-1.3.2.jar;C:\Users\bb_be\.m2\repository\org\springframework\spring-core\5.0.8.RELEASE\spring-core-5.0.8.RELEASE.jar;C:\Users\bb_be\.m2\repository\org\springframework\spring-jcl\5.0.8.RELEASE\spring-jcl-5.0.8.RELEASE.jar;C:\Users\bb_be\.m2\repository\org\yaml\snakeyaml\1.19\snakeyaml-1.19.jar;C:\Users\bb_be\.m2\repository\org\springframework\boot\spring-boot-starter-test\2.0.4.RELEASE\spring-boot-starter-test-2.0.4.RELEASE.jar;C:\Users\bb_be\.m2\repository\org\springframework\boot\spring-boot-test\2.0.4.RELEASE\spring-boot-test-2.0.4.RELEASE.jar;C:\Users\bb_be\.m2\repository\org\springframework\boot\spring-boot-test-autoconfigure\2.0.4.RELEASE\spring-boot-test-autoconfigure-2.0.4.RELEASE.jar;C:\Users\bb_be\.m2\repository\com\jayway\jsonpath\json-path\2.4.0\json-path-2.4.0.jar;C:\Users\bb_be\.m2\repository\net\minidev\json-smart\2.3\json-smart-2.3.jar;C:\Users\bb_be\.m2\repository\net\minidev\accessors-smart\1.2\accessors-smart-1.2.jar;C:\Users\bb_be\.m2\repository\org\ow2\asm\asm\5.0.4\asm-5.0.4.jar;C:\Users\bb_be\.m2\repository\org\slf4j\slf4j-api\1.7.25\slf4j-api-1.7.25.jar;C:\Users\bb_be\.m2\repository\org\skyscreamer\jsonassert\1.5.0\jsonassert-1.5.0.jar;C:\Users\bb_be\.m2\repository\com\vaadin\external\google\android-json\0.0.20131108.vaadin1\android-json-0.0.20131108.vaadin1.jar;C:\Users\bb_be\.m2\repository\org\springframework\spring-test\5.0.8.RELEASE\spring-test-5.0.8.RELEASE.jar;C:\Users\bb_be\.m2\repository\org\xmlunit\xmlunit-core\2.5.1\xmlunit-core-2.5.1.jar;C:\Users\bb_be\.m2\repository\log4j\log4j\1.2.17\log4j-1.2.17.jar;C:\Users\bb_be\.m2\repository\junit\junit\4.12\junit-4.12.jar;C:\Users\bb_be\.m2\repository\org\assertj\assertj-core\3.8.0\assertj-core-3.8.0.jar;C:\Users\bb_be\.m2\repository\org\mockito\mockito-core\2.22.0\mockito-core-2.22.0.jar;C:\Users\bb_be\.m2\repository\net\bytebuddy\byte-buddy\1.7.11\byte-buddy-1.7.11.jar;C:\Users\bb_be\.m2\repository\net\bytebuddy\byte-buddy-agent\1.7.11\byte-buddy-agent-1.7.11.jar;C:\Users\bb_be\.m2\repository\org\objenesis\objenesis\2.6\objenesis-2.6.jar;C:\Users\bb_be\.m2\repository\org\hamcrest\hamcrest-core\1.3\hamcrest-core-1.3.jar;C:\Users\bb_be\.m2\repository\org\hamcrest\hamcrest-library\1.3\hamcrest-library-1.3.jar;"/>
    <property name="java.vm.vendor" value="Amazon.com Inc."/>
    <property name="sun.arch.data.model" value="64"/>
    <property name="user.variant" value=""/>
    <property name="java.vendor.url" value="https://aws.amazon.com/corretto/"/>
    <property name="os.name" value="Windows 11"/>
    <property name="java.vm.specification.version" value="17"/>
    <property name="sun.java.launcher" value="SUN_STANDARD"/>
    <property name="user.country" value="US"/>
    <property name="sun.boot.library.path" value="C:\Users\bb_be\.jdks\corretto-17.0.9\bin"/>
    <property name="sun.java.command" value="C:\Users\bb_be\AppData\Local\Temp\surefire15741921850572832500\surefirebooter10433504429935192204.jar C:\Users\bb_be\AppData\Local\Temp\surefire15741921850572832500 2025-05-29T15-55-47_847-jvmRun1 surefire11468915927439511426tmp surefire_04964994875652057990tmp"/>
    <property name="jdk.debug" value="release"/>
    <property name="surefire.test.class.path" value="C:\Code\exam-ascendmoney-best\target\test-classes;C:\Code\exam-ascendmoney-best\target\classes;C:\Users\bb_be\.m2\repository\org\springframework\boot\spring-boot-starter\2.0.4.RELEASE\spring-boot-starter-2.0.4.RELEASE.jar;C:\Users\bb_be\.m2\repository\org\springframework\boot\spring-boot\2.0.4.RELEASE\spring-boot-2.0.4.RELEASE.jar;C:\Users\bb_be\.m2\repository\org\springframework\spring-context\5.0.8.RELEASE\spring-context-5.0.8.RELEASE.jar;C:\Users\bb_be\.m2\repository\org\springframework\spring-aop\5.0.8.RELEASE\spring-aop-5.0.8.RELEASE.jar;C:\Users\bb_be\.m2\repository\org\springframework\spring-beans\5.0.8.RELEASE\spring-beans-5.0.8.RELEASE.jar;C:\Users\bb_be\.m2\repository\org\springframework\spring-expression\5.0.8.RELEASE\spring-expression-5.0.8.RELEASE.jar;C:\Users\bb_be\.m2\repository\org\springframework\boot\spring-boot-autoconfigure\2.0.4.RELEASE\spring-boot-autoconfigure-2.0.4.RELEASE.jar;C:\Users\bb_be\.m2\repository\org\springframework\boot\spring-boot-starter-logging\2.0.4.RELEASE\spring-boot-starter-logging-2.0.4.RELEASE.jar;C:\Users\bb_be\.m2\repository\ch\qos\logback\logback-classic\1.2.3\logback-classic-1.2.3.jar;C:\Users\bb_be\.m2\repository\ch\qos\logback\logback-core\1.2.3\logback-core-1.2.3.jar;C:\Users\bb_be\.m2\repository\org\apache\logging\log4j\log4j-to-slf4j\2.10.0\log4j-to-slf4j-2.10.0.jar;C:\Users\bb_be\.m2\repository\org\apache\logging\log4j\log4j-api\2.10.0\log4j-api-2.10.0.jar;C:\Users\bb_be\.m2\repository\org\slf4j\jul-to-slf4j\1.7.25\jul-to-slf4j-1.7.25.jar;C:\Users\bb_be\.m2\repository\javax\annotation\javax.annotation-api\1.3.2\javax.annotation-api-1.3.2.jar;C:\Users\bb_be\.m2\repository\org\springframework\spring-core\5.0.8.RELEASE\spring-core-5.0.8.RELEASE.jar;C:\Users\bb_be\.m2\repository\org\springframework\spring-jcl\5.0.8.RELEASE\spring-jcl-5.0.8.RELEASE.jar;C:\Users\bb_be\.m2\repository\org\yaml\snakeyaml\1.19\snakeyaml-1.19.jar;C:\Users\bb_be\.m2\repository\org\springframework\boot\spring-boot-starter-test\2.0.4.RELEASE\spring-boot-starter-test-2.0.4.RELEASE.jar;C:\Users\bb_be\.m2\repository\org\springframework\boot\spring-boot-test\2.0.4.RELEASE\spring-boot-test-2.0.4.RELEASE.jar;C:\Users\bb_be\.m2\repository\org\springframework\boot\spring-boot-test-autoconfigure\2.0.4.RELEASE\spring-boot-test-autoconfigure-2.0.4.RELEASE.jar;C:\Users\bb_be\.m2\repository\com\jayway\jsonpath\json-path\2.4.0\json-path-2.4.0.jar;C:\Users\bb_be\.m2\repository\net\minidev\json-smart\2.3\json-smart-2.3.jar;C:\Users\bb_be\.m2\repository\net\minidev\accessors-smart\1.2\accessors-smart-1.2.jar;C:\Users\bb_be\.m2\repository\org\ow2\asm\asm\5.0.4\asm-5.0.4.jar;C:\Users\bb_be\.m2\repository\org\slf4j\slf4j-api\1.7.25\slf4j-api-1.7.25.jar;C:\Users\bb_be\.m2\repository\org\skyscreamer\jsonassert\1.5.0\jsonassert-1.5.0.jar;C:\Users\bb_be\.m2\repository\com\vaadin\external\google\android-json\0.0.20131108.vaadin1\android-json-0.0.20131108.vaadin1.jar;C:\Users\bb_be\.m2\repository\org\springframework\spring-test\5.0.8.RELEASE\spring-test-5.0.8.RELEASE.jar;C:\Users\bb_be\.m2\repository\org\xmlunit\xmlunit-core\2.5.1\xmlunit-core-2.5.1.jar;C:\Users\bb_be\.m2\repository\log4j\log4j\1.2.17\log4j-1.2.17.jar;C:\Users\bb_be\.m2\repository\junit\junit\4.12\junit-4.12.jar;C:\Users\bb_be\.m2\repository\org\assertj\assertj-core\3.8.0\assertj-core-3.8.0.jar;C:\Users\bb_be\.m2\repository\org\mockito\mockito-core\2.22.0\mockito-core-2.22.0.jar;C:\Users\bb_be\.m2\repository\net\bytebuddy\byte-buddy\1.7.11\byte-buddy-1.7.11.jar;C:\Users\bb_be\.m2\repository\net\bytebuddy\byte-buddy-agent\1.7.11\byte-buddy-agent-1.7.11.jar;C:\Users\bb_be\.m2\repository\org\objenesis\objenesis\2.6\objenesis-2.6.jar;C:\Users\bb_be\.m2\repository\org\hamcrest\hamcrest-core\1.3\hamcrest-core-1.3.jar;C:\Users\bb_be\.m2\repository\org\hamcrest\hamcrest-library\1.3\hamcrest-library-1.3.jar;"/>
    <property name="sun.cpu.endian" value="little"/>
    <property name="user.home" value="C:\Users\bb_be"/>
    <property name="user.language" value="en"/>
    <property name="java.specification.vendor" value="Oracle Corporation"/>
    <property name="java.version.date" value="2023-10-17"/>
    <property name="java.home" value="C:\Users\bb_be\.jdks\corretto-17.0.9"/>
    <property name="file.separator" value="\"/>
    <property name="basedir" value="C:\Code\exam-ascendmoney-best"/>
    <property name="java.vm.compressedOopsMode" value="Zero based"/>
    <property name="line.separator" value="&#10;"/>
    <property name="java.vm.specification.vendor" value="Oracle Corporation"/>
    <property name="java.specification.name" value="Java Platform API Specification"/>
    <property name="surefire.real.class.path" value="C:\Users\bb_be\AppData\Local\Temp\surefire15741921850572832500\surefirebooter10433504429935192204.jar"/>
    <property name="user.script" value=""/>
    <property name="sun.management.compiler" value="HotSpot 64-Bit Tiered Compilers"/>
    <property name="java.runtime.version" value="17.0.9+8-LTS"/>
    <property name="user.name" value="bb_be"/>
    <property name="path.separator" value=";"/>
    <property name="os.version" value="10.0"/>
    <property name="java.runtime.name" value="OpenJDK Runtime Environment"/>
    <property name="file.encoding" value="Cp1252"/>
    <property name="java.vm.name" value="OpenJDK 64-Bit Server VM"/>
    <property name="java.vendor.version" value="Corretto-17.0.9.8.1"/>
    <property name="localRepository" value="C:\Users\bb_be\.m2\repository"/>
    <property name="java.vendor.url.bug" value="https://github.com/corretto/corretto-17/issues/"/>
    <property name="java.io.tmpdir" value="C:\Users\bb_be\AppData\Local\Temp\"/>
    <property name="idea.version" value="2023.1.3"/>
    <property name="java.version" value="17.0.9"/>
    <property name="user.dir" value="C:\Code\exam-ascendmoney-best"/>
    <property name="os.arch" value="amd64"/>
    <property name="java.vm.specification.name" value="Java Virtual Machine Specification"/>
    <property name="sun.os.patch.level" value=""/>
    <property name="native.encoding" value="Cp1252"/>
    <property name="java.library.path" value="C:\Users\bb_be\.jdks\corretto-17.0.9\bin;C:\WINDOWS\Sun\Java\bin;C:\WINDOWS\system32;C:\WINDOWS;C:\Program Files\Common Files\Oracle\Java\javapath;C:\windows\system32;C:\windows;C:\windows\System32\Wbem;C:\windows\System32\WindowsPowerShell\v1.0\;C:\windows\System32\OpenSSH\;C:\Program Files (x86)\NVIDIA Corporation\PhysX\Common;C:\Program Files\NVIDIA Corporation\NVIDIA NvDLISR;C:\Program Files\nodejs\;C:\WINDOWS\system32;C:\WINDOWS;C:\WINDOWS\System32\Wbem;C:\WINDOWS\System32\WindowsPowerShell\v1.0\;C:\WINDOWS\System32\OpenSSH\;C:\Program Files\Git\cmd;C:\Program Files\dotnet\;C:\Program Files (x86)\GitExtensions\;C:\Program Files\Docker\Docker\resources\bin;C:\Program Files\PostgreSQL\15\bin;C:\Program Files (x86)\Microsoft SQL Server\160\DTS\Binn\;C:\Program Files\Azure Data Studio\bin;C:\Users\bb_be\AppData\Local\pnpm;C:\Users\bb_be\AppData\Local\Microsoft\WindowsApps;C:\Users\bb_be\AppData\Local\Programs\Microsoft VS Code\bin;C:\Users\bb_be\AppData\Roaming\npm;C:\Program Files\JetBrains\IntelliJ IDEA Community Edition 2023.1.3\bin;;C:\Program Files\PostgreSQL\15;C:\Program Files\PostgreSQL\15\bin;C:\Users\bb_be\.jdks\corretto-17.0.9\bin;C:\Program Files\Java\jdk-11\bin;;C:\Program Files\Azure Data Studio\bin;."/>
    <property name="java.vm.info" value="mixed mode, sharing"/>
    <property name="java.vendor" value="Amazon.com Inc."/>
    <property name="java.vm.version" value="17.0.9+8-LTS"/>
    <property name="sun.io.unicode.encoding" value="UnicodeLittle"/>
    <property name="java.class.version" value="61.0"/>
  </properties>
  <testcase name="contextLoads" classname="com.ascendcorp.exam.ExamApplicationTests" time="0.002"/>
</testsuite>